<?xml version="1.0" encoding="UTF-8"?>
<!-- Generated by org.testng.reporters.JUnitReportReporter -->
<testsuite skipped="0" hostname="DESKTOP-BKDAP12" name="BrowserLaunch" tests="2" failures="0" timestamp="03 Apr 2019 11:01:09 GMT" time="10.452" errors="0">
  <testcase name="launchFB" time="5.870" classname="BrowserLaunch"/>
  <testcase name="launchBrowser" time="4.582" classname="BrowserLaunch"/>
</testsuite> <!-- BrowserLaunch -->
